Info: CapabilityPattern:pre_sale_solution_design: 276 mini seconds publishing element
Info: CapabilityPattern:pre_sale_solution_design: 751 mini seconds publishing process specific layout data
Info: Activity:explore_options_and_approach: 403 mini seconds publishing element
Info: Task:define_project: 48 mini seconds publishing element
Info: TaskDescriptor:define_project: 10 mini seconds publishing element
Info: Role:technical_solution_architect: 111 mini seconds publishing element
Info: RoleDescriptor:technical_solution_architect: 24 mini seconds publishing element
Info: Artifact:business_direction: 85 mini seconds publishing element
Info: WorkProductDescriptor:business_direction: 28 mini seconds publishing element
Info: Artifact:current_org_description: 31 mini seconds publishing element
Info: WorkProductDescriptor:current_org_description: 15 mini seconds publishing element
Info: Artifact:standards: 123 mini seconds publishing element
Info: WorkProductDescriptor:standards: 16 mini seconds publishing element
Info: Artifact:technical_environment: 39 mini seconds publishing element
Info: WorkProductDescriptor:technical_environment: 14 mini seconds publishing element
Info: Artifact:proj_definition: 65 mini seconds publishing element
Info: WorkProductDescriptor:proj_definition: 20 mini seconds publishing element
Info: Task:describe_system_context: 30 mini seconds publishing element
Info: TaskDescriptor:describe_system_context: 19 mini seconds publishing element
Info: Artifact:subject_area_model: 35 mini seconds publishing element
Info: WorkProductDescriptor:subject_area_model: 21 mini seconds publishing element
Info: Artifact:system_context: 55 mini seconds publishing element
Info: WorkProductDescriptor:system_context: 17 mini seconds publishing element
Info: Task:identify_non_functional_requirements: 22 mini seconds publishing element
Info: TaskDescriptor:identify_non_functional_requirements: 16 mini seconds publishing element
Info: Artifact:use_case_model: 39 mini seconds publishing element
Info: Artifact:use_case: 19 mini seconds publishing element
Info: Artifact:actor: 17 mini seconds publishing element
Info: WorkProductDescriptor:use_case_model: 20 mini seconds publishing element
Info: WorkProductDescriptor:actor: 12 mini seconds publishing element
Info: WorkProductDescriptor:use_case: 10 mini seconds publishing element
Info: Artifact:rqmts_matrix: 26 mini seconds publishing element
Info: WorkProductDescriptor:rqmts_matrix: 19 mini seconds publishing element
Info: Artifact:nonfunctional_requirements: 29 mini seconds publishing element
Info: WorkProductDescriptor:nonfunctional_requirements: 12 mini seconds publishing element
Info: Task:identify_outline_rqmts: 26 mini seconds publishing element
Info: TaskDescriptor:identify_outline_rqmts: 22 mini seconds publishing element
Info: Artifact:opportunity_plan: 22 mini seconds publishing element
Info: WorkProductDescriptor:opportunity_plan: 11 mini seconds publishing element
Info: Task:identify_high_level_data_sources: 16 mini seconds publishing element
Info: TaskDescriptor:identify_high_level_data_sources: 11 mini seconds publishing element
Info: Artifact:component_model: 77 mini seconds publishing element
Info: WorkProductDescriptor:component_model: 100 mini seconds publishing element
Info: Artifact:component_specification: 28 mini seconds publishing element
Info: WorkProductDescriptor:component_specification: 11 mini seconds publishing element
Info: Artifact:architecture_overview: 25 mini seconds publishing element
Info: WorkProductDescriptor:architecture_overview: 15 mini seconds publishing element
Info: Task:document_architectural_decisions: 19 mini seconds publishing element
Info: TaskDescriptor:document_architectural_decisions: 12 mini seconds publishing element
Info: Artifact:architectural_decisions: 24 mini seconds publishing element
Info: WorkProductDescriptor:architectural_decisions: 12 mini seconds publishing element
Info: Artifact:viability_assessment: 24 mini seconds publishing element
Info: WorkProductDescriptor:viability_assessment: 11 mini seconds publishing element
Info: Artifact:service_model: 30 mini seconds publishing element
Info: Artifact:service_portfolio: 27 mini seconds publishing element
Info: Artifact:service_dependencies: 17 mini seconds publishing element
Info: Artifact:service_specification: 19 mini seconds publishing element
Info: WorkProductDescriptor:service_model: 19 mini seconds publishing element
Info: WorkProductDescriptor:service_dependencies: 8 mini seconds publishing element
Info: WorkProductDescriptor:service_portfolio: 10 mini seconds publishing element
Info: WorkProductDescriptor:service_specification: 10 mini seconds publishing element
Info: Task:sketch_initial_architecture_overview: 10 mini seconds publishing element
Info: TaskDescriptor:sketch_initial_architecture_overview: 9 mini seconds publishing element
Info: Task:survey_candidate_assets: 12 mini seconds publishing element
Info: TaskDescriptor:survey_candidate_assets: 12 mini seconds publishing element
Info: Artifact:candidate_asset_list: 24 mini seconds publishing element
Info: WorkProductDescriptor:candidate_asset_list: 13 mini seconds publishing element
Info: Task:conduct_viability_assessment: 20 mini seconds publishing element
Info: TaskDescriptor:conduct_viability_assessment: 16 mini seconds publishing element
Info: Artifact:est_report: 43 mini seconds publishing element
Info: WorkProductDescriptor:est_report: 10 mini seconds publishing element
Info: Milestone:opportunit_qualified.teamethod: 7 mini seconds publishing element
Info: Activity:develop_and_agree_to_client_solution: 807 mini seconds publishing element
Info: Task:develop_architecture_overview: 16 mini seconds publishing element
Info: TaskDescriptor:develop_architecture_overview: 12 mini seconds publishing element
Info: RoleDescriptor:technical_solution_architect: 13 mini seconds publishing element
Info: WorkProductDescriptor:candidate_asset_list: 11 mini seconds publishing element
Info: WorkProductDescriptor:nonfunctional_requirements: 14 mini seconds publishing element
Info: WorkProductDescriptor:proj_definition: 12 mini seconds publishing element
Info: WorkProductDescriptor:standards: 13 mini seconds publishing element
Info: WorkProductDescriptor:system_context: 12 mini seconds publishing element
Info: WorkProductDescriptor:technical_environment: 11 mini seconds publishing element
Info: WorkProductDescriptor:use_case_model: 13 mini seconds publishing element
Info: WorkProductDescriptor:actor: 8 mini seconds publishing element
Info: WorkProductDescriptor:use_case: 8 mini seconds publishing element
Info: WorkProductDescriptor:rqmts_matrix: 11 mini seconds publishing element
Info: WorkProductDescriptor:architecture_overview: 13 mini seconds publishing element
Info: Task:define_key_services: 26 mini seconds publishing element
Info: TaskDescriptor:define_key_services: 14 mini seconds publishing element
Info: Role:subject_matter_expert: 17 mini seconds publishing element
Info: RoleDescriptor:subject_matter_expert: 6 mini seconds publishing element
Info: WorkProductDescriptor:architectural_decisions: 12 mini seconds publishing element
Info: WorkProductDescriptor:business_direction: 19 mini seconds publishing element
Info: WorkProductDescriptor:component_model: 110 mini seconds publishing element
Info: WorkProductDescriptor:component_specification: 11 mini seconds publishing element
Info: WorkProductDescriptor:service_model: 29 mini seconds publishing element
Info: WorkProductDescriptor:service_dependencies: 12 mini seconds publishing element
Info: WorkProductDescriptor:service_portfolio: 16 mini seconds publishing element
Info: WorkProductDescriptor:service_specification: 15 mini seconds publishing element
Info: Task:develop_high_level_component_model: 25 mini seconds publishing element
Info: TaskDescriptor:develop_high_level_component_model: 16 mini seconds publishing element
Info: Task:develop_high_level_operational_model: 22 mini seconds publishing element
Info: TaskDescriptor:develop_high_level_operational_model: 24 mini seconds publishing element
Info: Artifact:operational_model: 30 mini seconds publishing element
Info: WorkProductDescriptor:operational_model: 22 mini seconds publishing element
Info: Artifact:location_model: 12 mini seconds publishing element
Info: Artifact:location: 13 mini seconds publishing element
Info: WorkProductDescriptor:location_model: 11 mini seconds publishing element
Info: WorkProductDescriptor:location: 8 mini seconds publishing element
Info: Artifact:node_model: 15 mini seconds publishing element
Info: Artifact:node: 12 mini seconds publishing element
Info: Artifact:connection: 12 mini seconds publishing element
Info: WorkProductDescriptor:node_model: 11 mini seconds publishing element
Info: WorkProductDescriptor:connection: 8 mini seconds publishing element
Info: WorkProductDescriptor:node: 7 mini seconds publishing element
Info: Artifact:zone_model: 9 mini seconds publishing element
Info: WorkProductDescriptor:zone_model: 7 mini seconds publishing element
Info: Task:identify_delivery_approach: 15 mini seconds publishing element
Info: TaskDescriptor:identify_delivery_approach: 11 mini seconds publishing element
Info: Task:develop_solution_estimates: 16 mini seconds publishing element
Info: TaskDescriptor:develop_solution_estimates: 12 mini seconds publishing element
Info: Role:project_manager: 16 mini seconds publishing element
Info: RoleDescriptor:project_manager: 7 mini seconds publishing element
Info: WorkProductDescriptor:viability_assessment: 14 mini seconds publishing element
Info: WorkProductDescriptor:est_report: 15 mini seconds publishing element
Info: Task:refine_viability_assessment: 24 mini seconds publishing element
Info: TaskDescriptor:refine_viability_assessment: 15 mini seconds publishing element
Info: Task:evaluate_integrated_solution: 15 mini seconds publishing element
Info: TaskDescriptor:evaluate_integrated_solution: 8 mini seconds publishing element
Info: Task:propose_solution_resolve_concerns: 12 mini seconds publishing element
Info: TaskDescriptor:propose_solution_resolve_concerns: 12 mini seconds publishing element
Info: Milestone:solution_agreed_to.teamethod: 8 mini seconds publishing element
Info: DeliveryProcess:teamsd: 333 mini seconds publishing element
Info: DeliveryProcess:teamsd: 657 mini seconds publishing process specific layout data
Info: Phase:plan: 57 mini seconds publishing element
Info: Activity:understand_clients_business_and_needs.teamsd: 119 mini seconds publishing element
Info: Task:understand_business_environment: 25 mini seconds publishing element
Info: TaskDescriptor:understand_business_environment: 10 mini seconds publishing element
Info: RoleDescriptor:technical_solution_architect: 11 mini seconds publishing element
Info: Artifact:account_profile: 9 mini seconds publishing element
Info: WorkProductDescriptor:account_profile: 7 mini seconds publishing element
Info: WorkProductDescriptor:business_direction: 22 mini seconds publishing element
Info: Artifact:client_value_account_plan: 14 mini seconds publishing element
Info: WorkProductDescriptor:client_value_account_plan: 13 mini seconds publishing element
Info: Task:describe_current_organization: 13 mini seconds publishing element
Info: TaskDescriptor:describe_current_organization: 12 mini seconds publishing element
Info: WorkProductDescriptor:current_org_description: 12 mini seconds publishing element
Info: Task:describe_current_it_environment: 11 mini seconds publishing element
Info: TaskDescriptor:describe_current_it_environment: 9 mini seconds publishing element
Info: WorkProductDescriptor:standards: 13 mini seconds publishing element
Info: WorkProductDescriptor:technical_environment: 14 mini seconds publishing element
Info: Task:plan_for_client_value: 22 mini seconds publishing element
Info: TaskDescriptor:plan_for_client_value: 16 mini seconds publishing element
Info: Role:enterprise_architect: 19 mini seconds publishing element
Info: RoleDescriptor:enterprise_architect: 7 mini seconds publishing element
Info: RoleDescriptor:subject_matter_expert: 6 mini seconds publishing element
Info: Artifact:client_imperative: 16 mini seconds publishing element
Info: WorkProductDescriptor:client_imperative: 11 mini seconds publishing element
Info: Artifact:technical_account_plan: 24 mini seconds publishing element
Info: WorkProductDescriptor:technical_account_plan: 10 mini seconds publishing element
Info: WorkProductDescriptor:architecture_overview: 11 mini seconds publishing element
Info: Artifact:strategic_roadmap: 14 mini seconds publishing element
Info: WorkProductDescriptor:strategic_roadmap: 10 mini seconds publishing element
Info: Task:identify_opportunity: 20 mini seconds publishing element
Info: TaskDescriptor:identify_opportunity: 11 mini seconds publishing element
Info: WorkProductDescriptor:opportunity_plan: 8 mini seconds publishing element
Info: Milestone:opportunity_validated: 5 mini seconds publishing element
Info: Phase:team_soln_dsgn_pre_sale_solution_design: 84 mini seconds publishing element
Info: Activity:explore_options_and_approach: 347 mini seconds publishing element
Info: Task:ideation: 20 mini seconds publishing element
Info: TaskDescriptor:ideation: 13 mini seconds publishing element
Info: Role:design_professional: 16 mini seconds publishing element
Info: RoleDescriptor:design_professional: 6 mini seconds publishing element
Info: Role:industry_consultant: 96 mini seconds publishing element
Info: RoleDescriptor:industry_consultant: 7 mini seconds publishing element
Info: Artifact:empathy_map: 188 mini seconds publishing element
Info: WorkProductDescriptor:empathy_map: 9 mini seconds publishing element
Info: Outcome:sponsor_users_identified: 11 mini seconds publishing element
Info: WorkProductDescriptor:sponsor_users_identified: 8 mini seconds publishing element
Info: Artifact:ui_prototype: 19 mini seconds publishing element
Info: WorkProductDescriptor:ui_prototype: 13 mini seconds publishing element
Info: Task:define_project_teamsd: 16 mini seconds publishing element
Info: TaskDescriptor:define_project_teamsd: 9 mini seconds publishing element
Info: Activity:develop_and_agree_to_client_solution: 389 mini seconds publishing element
Info: Phase:support_impl_and_confirm_value.teamsd: 70 mini seconds publishing element
Info: Activity:implement_client_solution.teamethod: 191 mini seconds publishing element
Info: Task:transition_to_implementation: 15 mini seconds publishing element
Info: TaskDescriptor:transition_to_implementation: 11 mini seconds publishing element
Info: RoleDescriptor:technical_solution_architect: 13 mini seconds publishing element
Info: WorkProductDescriptor:architectural_decisions: 13 mini seconds publishing element
Info: WorkProductDescriptor:architecture_overview: 11 mini seconds publishing element
Info: WorkProductDescriptor:business_direction: 19 mini seconds publishing element
Info: WorkProductDescriptor:candidate_asset_list: 11 mini seconds publishing element
Info: WorkProductDescriptor:component_model: 24 mini seconds publishing element
Info: WorkProductDescriptor:component_specification: 11 mini seconds publishing element
Info: WorkProductDescriptor:current_org_description: 25 mini seconds publishing element
Info: WorkProductDescriptor:est_report: 13 mini seconds publishing element
Info: WorkProductDescriptor:nonfunctional_requirements: 11 mini seconds publishing element
Info: WorkProductDescriptor:operational_model: 15 mini seconds publishing element
Info: WorkProductDescriptor:location_model: 9 mini seconds publishing element
Info: WorkProductDescriptor:location: 8 mini seconds publishing element
Info: WorkProductDescriptor:node_model: 75 mini seconds publishing element
Info: WorkProductDescriptor:connection: 7 mini seconds publishing element
Info: WorkProductDescriptor:node: 7 mini seconds publishing element
Info: WorkProductDescriptor:zone_model: 6 mini seconds publishing element
Info: WorkProductDescriptor:proj_definition: 11 mini seconds publishing element
Info: WorkProductDescriptor:rqmts_matrix: 11 mini seconds publishing element
Info: WorkProductDescriptor:standards: 11 mini seconds publishing element
Info: WorkProductDescriptor:system_context: 11 mini seconds publishing element
Info: WorkProductDescriptor:technical_environment: 11 mini seconds publishing element
Info: WorkProductDescriptor:use_case_model: 12 mini seconds publishing element
Info: WorkProductDescriptor:actor: 8 mini seconds publishing element
Info: WorkProductDescriptor:use_case: 7 mini seconds publishing element
Info: WorkProductDescriptor:viability_assessment: 13 mini seconds publishing element
Info: Task:monitor_pilot_and_early_implementation: 9 mini seconds publishing element
Info: TaskDescriptor:monitor_pilot_and_early_implementation: 8 mini seconds publishing element
Info: Task:harvest_assets: 12 mini seconds publishing element
Info: TaskDescriptor:harvest_assets: 10 mini seconds publishing element
Info: Milestone:project_implemented: 5 mini seconds publishing element
Info: Activity:confirm_client_value_and_experience.teamethod: 61 mini seconds publishing element
Info: Task:evaluate_success: 8 mini seconds publishing element
Info: TaskDescriptor:evaluate_success: 7 mini seconds publishing element
Info: RoleDescriptor:technical_solution_architect: 10 mini seconds publishing element
Info: WorkProductDescriptor:architectural_decisions: 10 mini seconds publishing element
Info: WorkProductDescriptor:proj_definition: 10 mini seconds publishing element
Info: WorkProductDescriptor:viability_assessment: 11 mini seconds publishing element
Info: Task:explore_new_client_issues: 8 mini seconds publishing element
Info: TaskDescriptor:explore_new_client_issues: 7 mini seconds publishing element
Info: WorkProductDescriptor:client_imperative: 10 mini seconds publishing element
Info: WorkProductDescriptor:strategic_roadmap: 10 mini seconds publishing element
Info: Milestone:value_confirmed: 5 mini seconds publishing element
Info: SupportingMaterial:ibm_terms_of_use: 35 mini seconds publishing element
Info: Guideline:teamsd_and_design_thinking: 29 mini seconds publishing element
Info: Guideline:consult_tech_selling_via_discovery_pov: 28 mini seconds publishing element
Info: Guideline:source_for_candidate_assets: 38 mini seconds publishing element
Info: Guideline:guidance_recipes: 7 mini seconds publishing element
Info: Discipline:scope_mgmt: 6 mini seconds publishing element
Info: Guideline:estimating: 20 mini seconds publishing element
Info: Guideline:opportunity_identification_tools: 7 mini seconds publishing element
Info: Guideline:tailoring_teamsd_large_engagements: 19 mini seconds publishing element
Info: Whitepaper:service_delivery_usage_teamSD: 21 mini seconds publishing element
Info: RoleSet:architect: 10 mini seconds publishing element
Info: RoleSet:technology: 5 mini seconds publishing element
Info: SupportingMaterial:expertise_taxonomy_ref: 17 mini seconds publishing element
Info: Domain:bus_strategy: 12 mini seconds publishing element
Info: WorkProductType:strategy: 12 mini seconds publishing element
Info: TermDefinition:vision_statement: 15 mini seconds publishing element
Info: TermDefinition:mission_statement: 4 mini seconds publishing element
Info: TermDefinition:business_goals: 4 mini seconds publishing element
Info: TermDefinition:critical_success_factors: 5 mini seconds publishing element
Info: TermDefinition:value_proposition: 4 mini seconds publishing element
Info: TermDefinition:capability: 5 mini seconds publishing element
Info: TermDefinition:key_perf_indicator: 4 mini seconds publishing element
Info: Template:business_strategy_summary: 31 mini seconds publishing element
Info: Example:business_direction_healthcare: 17 mini seconds publishing element
Info: Example:business_direction_petrol: 6 mini seconds publishing element
Info: Example:business_direction_tsd: 22 mini seconds publishing element
Info: Example:business_strategy_summary: 25 mini seconds publishing element
Info: Checklist:business_direction_valver: 12 mini seconds publishing element
Info: Guideline:business_direction_dev: 86 mini seconds publishing element
Info: Guideline:pre_sale_wp_usage_guideline: 34 mini seconds publishing element
Info: Guideline:soa_design_for_team_solution_design: 27 mini seconds publishing element
Info: Guideline:role_of_ea_in_soln_design: 43 mini seconds publishing element
Info: SupportingMaterial:accessibility_ref: 20 mini seconds publishing element
Info: SupportingMaterial:business_direction_ref: 10 mini seconds publishing element
Info: ToolMentor:system_architect_tsd: 53 mini seconds publishing element
Info: EstimationConsiderations:business_direction_legacy: 8 mini seconds publishing element
Info: Domain:org_design: 6 mini seconds publishing element
Info: WorkProductType:model: 9 mini seconds publishing element
Info: Example:current_org_desc_tsd: 12 mini seconds publishing element
Info: Guideline:current_org_description_dev: 7 mini seconds publishing element
Info: SupportingMaterial:current_org_description_tools_ref: 6 mini seconds publishing element
Info: EstimationConsiderations:current_org_description_legacy: 5 mini seconds publishing element
Info: Domain:architecture: 9 mini seconds publishing element
Info: WorkProductType:standard: 6 mini seconds publishing element
Info: Template:standards_tsd: 16 mini seconds publishing element
Info: Example:standards_global_security: 15 mini seconds publishing element
Info: Checklist:standards_valver: 8 mini seconds publishing element
Info: Guideline:standards_dev: 6 mini seconds publishing element
Info: SupportingMaterial:standards_ref: 5 mini seconds publishing element
Info: EstimationConsiderations:standards_legacy: 4 mini seconds publishing element
Info: Domain:operational: 6 mini seconds publishing element
Info: WorkProductType:inventory: 9 mini seconds publishing element
Info: Example:technical_environment_tsd: 14 mini seconds publishing element
Info: Guideline:technical_environment_tsd: 7 mini seconds publishing element
Info: Domain:proj_mgmt: 7 mini seconds publishing element
Info: WorkProductType:plan: 10 mini seconds publishing element
Info: Template:proj_definition: 135 mini seconds publishing element
Info: Template:project_definition_tsd: 25 mini seconds publishing element
Info: Guideline:project_definition: 19 mini seconds publishing element
Info: SupportingMaterial:cvi_cvm: 21 mini seconds publishing element
Info: Discipline:tech_rqmts_dev: 10 mini seconds publishing element
Info: Whitepaper:system_context_modeling: 37 mini seconds publishing element
Info: Domain:data: 8 mini seconds publishing element
Info: Example:subject_area_model_auto: 11 mini seconds publishing element
Info: Guideline:subject_area_model_dev: 7 mini seconds publishing element
Info: Guideline:sol_areas subj_area_model_matrix: 11 mini seconds publishing element
Info: Guideline:subject_area_model_tsd: 11 mini seconds publishing element
Info: SupportingMaterial:subject_area_model_ref: 7 mini seconds publishing element
Info: EstimationConsiderations:subject_area_model_legacy: 7 mini seconds publishing element
Info: Domain:requirements: 10 mini seconds publishing element
Info: WorkProductType:requirement: 12 mini seconds publishing element
Info: Template:system_context: 32 mini seconds publishing element
Info: Example:system_context_tsd: 13 mini seconds publishing element
Info: ToolMentor:umf_starter_kit_rsa: 22 mini seconds publishing element
Info: ToolMentor:uml_tooling_tsd_staruml: 13 mini seconds publishing element
Info: EstimationConsiderations:system_context_legacy: 7 mini seconds publishing element
Info: Guideline:developing_nonfunctional_rqmts: 29 mini seconds publishing element
Info: Guideline:writing_good_requirements_int: 20 mini seconds publishing element
Info: Whitepaper:reqts_elicitation_technique_paper: 27 mini seconds publishing element
Info: Example:uc_model_evolve: 17 mini seconds publishing element
Info: Example:use_case_model_tsd: 9 mini seconds publishing element
Info: Checklist:use_case_model: 12 mini seconds publishing element
Info: Concept:actor: 30 mini seconds publishing element
Info: Concept:use_case: 24 mini seconds publishing element
Info: Concept:use_case_model: 15 mini seconds publishing element
Info: Guideline:activity_diagram_in_the_use_case_model: 127 mini seconds publishing element
Info: Guideline:use_case_model_tsd: 14 mini seconds publishing element
Info: EstimationConsiderations:use_case_model_legacy: 8 mini seconds publishing element
Info: Template:use_case_specification: 30 mini seconds publishing element
Info: Template:use_case_specification_formal: 26 mini seconds publishing element
Info: Example:use_case_spec: 8 mini seconds publishing element
Info: Checklist:use_case: 43 mini seconds publishing element
Info: Template:actors_formal: 16 mini seconds publishing element
Info: Checklist:actor: 12 mini seconds publishing element
Info: Domain:selection: 11 mini seconds publishing element
Info: Example:rqmts_matrix_inv_mgmt: 12 mini seconds publishing element
Info: Example:rqmts_matrix_order_mgmt: 36 mini seconds publishing element
Info: Example:requirements_matrix_tsd: 12 mini seconds publishing element
Info: Checklist:requirements_taxonomy_checklist: 14 mini seconds publishing element
Info: Guideline:arch_component_eval: 19 mini seconds publishing element
Info: Guideline:rqmts_matrix_dev_presale_sd: 14 mini seconds publishing element
Info: EstimationConsiderations:rqmts_matrix_legacy: 8 mini seconds publishing element
Info: Example:non_functional_rqmts_tsd: 34 mini seconds publishing element
Info: Concept:nonfunctional_rqmts_themes: 11 mini seconds publishing element
Info: EstimationConsiderations:nonfunctional_requirements_legacy: 6 mini seconds publishing element
Info: Domain:sales: 7 mini seconds publishing element
Info: Template:opportunity_plan: 36 mini seconds publishing element
Info: Example:opportunity_plan: 33 mini seconds publishing element
Info: Discipline:tech_arch: 8 mini seconds publishing element
Info: Guideline:role_patt_in_soln_design: 20 mini seconds publishing element
Info: Whitepaper:teamsd_and_analytics: 23 mini seconds publishing element
Info: Domain:functional: 8 mini seconds publishing element
Info: Template:component_model_formal: 15 mini seconds publishing element
Info: Template:component_model_soma: 35 mini seconds publishing element
Info: Example:component_model: 27 mini seconds publishing element
Info: Example:component_model_tsd: 27 mini seconds publishing element
Info: Example:rent_a_car_reservation_svc_comp_internal_flow: 22 mini seconds publishing element
Info: Example:rent_a_car_service_component_class_diagram: 22 mini seconds publishing element
Info: Example:rent_a_car_subsystem_analysis: 23 mini seconds publishing element
Info: Checklist:component_model: 43 mini seconds publishing element
Info: Checklist:subsystem_analysis: 11 mini seconds publishing element
Info: Guideline:component_model_tsd: 15 mini seconds publishing element
Info: Guideline:managing_data_with_components: 70 mini seconds publishing element
Info: SupportingMaterial:service_component_ref: 37 mini seconds publishing element
Info: EstimationConsiderations:component_model: 8 mini seconds publishing element
Info: EstimationConsiderations:subsystem_analysis: 8 mini seconds publishing element
Info: Example:component_specification: 422 mini seconds publishing element
Info: Checklist:component_specification: 9 mini seconds publishing element
Info: Domain:validation: 6 mini seconds publishing element
Info: WorkProductType:concept: 8 mini seconds publishing element
Info: Template:architecture_overview_formal: 13 mini seconds publishing element
Info: Example:arch_overview_diagram_tsd: 17 mini seconds publishing element
Info: Example:architecture_overview_lius: 11 mini seconds publishing element
Info: Checklist:architecture_overview: 9 mini seconds publishing element
Info: Guideline:arch_overview_using_soa_ref_arch: 28 mini seconds publishing element
Info: ToolMentor:architecture_overview_rsa: 30 mini seconds publishing element
Info: EstimationConsiderations:architecture_overview: 6 mini seconds publishing element
Info: Guideline:arch_strategy_cognitive: 5 mini seconds publishing element
Info: Whitepaper:teamsd_and_cloud: 6 mini seconds publishing element
Info: WorkProductType:record: 10 mini seconds publishing element
Info: Template:architectual_decisions_formal: 12 mini seconds publishing element
Info: Example:architectural_decisions: 8 mini seconds publishing element
Info: Example:arch_decisons_principles_tsd: 8 mini seconds publishing element
Info: Checklist:architectural_decisions: 8 mini seconds publishing element
Info: EstimationConsiderations:architectural_decisions: 6 mini seconds publishing element
Info: WorkProductType:assessment: 12 mini seconds publishing element
Info: Template:viability_assessment_formal: 14 mini seconds publishing element
Info: Template:viability_assessment_tsd: 32 mini seconds publishing element
Info: Example:viability_assessment: 8 mini seconds publishing element
Info: Checklist:viability_assessment: 11 mini seconds publishing element
Info: Guideline:assessing_viability: 51 mini seconds publishing element
Info: Guideline:quality_practices_and_governance: 16 mini seconds publishing element
Info: EstimationConsiderations:viability_assessment: 6 mini seconds publishing element
Info: TermDefinition:service: 8 mini seconds publishing element
Info: Template:service_model: 13 mini seconds publishing element
Info: Template:service_model_tsd: 18 mini seconds publishing element
Info: Checklist:service_model: 9 mini seconds publishing element
Info: Concept:ibm_soa_ref_arch_solution_view: 27 mini seconds publishing element
Info: Concept:soma: 8 mini seconds publishing element
Info: Concept:soma_conceptual_model: 21 mini seconds publishing element
Info: SupportingMaterial:service_model_ref: 7 mini seconds publishing element
Info: ToolMentor:soma_me: 17 mini seconds publishing element
Info: Whitepaper:ibm_soa_ref_arch_solution_view: 22 mini seconds publishing element
Info: Whitepaper:soma_method_for_dev_svc_oriented_soln: 12 mini seconds publishing element
Info: Whitepaper:soma_essentials_for_team_solution_design: 263 mini seconds publishing element
Info: EstimationConsiderations:process_modeling_and_decomposition: 7 mini seconds publishing element
Info: Domain:bus_process: 10 mini seconds publishing element
Info: Template:service_portfolio: 10 mini seconds publishing element
Info: Example:rent_a_car_service_exposure: 11 mini seconds publishing element
Info: Example:rent_a_car_service_hierarchy_eaa: 15 mini seconds publishing element
Info: Example:rent_a_car_service_portfolio_gsm: 11 mini seconds publishing element
Info: Template:service_dependencies: 9 mini seconds publishing element
Info: Example:rent_a_car_service_composition_and_flow: 15 mini seconds publishing element
Info: Example:rent_a_car_service_dependencies: 12 mini seconds publishing element
Info: Template:service_specification: 9 mini seconds publishing element
Info: Example:rent_a_car_realization_decisions: 14 mini seconds publishing element
Info: Example:rent_a_car_realization_matrix: 10 mini seconds publishing element
Info: Example:rent_a_car_service_allocation: 14 mini seconds publishing element
Info: Example:rent_a_car_service_message: 5 mini seconds publishing element
Info: Example:rent_a_car_soap_message: 17 mini seconds publishing element
Info: Discipline:asset_mgmt: 11 mini seconds publishing element
Info: Domain:int_prop_asset_reuse: 6 mini seconds publishing element
Info: Template:candidate_asset_list: 90 mini seconds publishing element
Info: Example:candidate_asset_list: 21 mini seconds publishing element
Info: Example:candidate_assets_tsd: 12 mini seconds publishing element
Info: Checklist:candidate_asset_list_valver: 122 mini seconds publishing element
Info: Concept:reuse: 20 mini seconds publishing element
Info: Guideline:candidate_asset_list_dev: 13 mini seconds publishing element
Info: SupportingMaterial:candidate_asset_list_ref: 11 mini seconds publishing element
Info: EstimationConsiderations:candidate_asset_list_legacy: 9 mini seconds publishing element
Info: Guideline:proof_of_capability: 11 mini seconds publishing element
Info: SupportingMaterial:approach_to_designing_ebusiness_solutions: 27 mini seconds publishing element
Info: Whitepaper:saas_and_teamsd: 10 mini seconds publishing element
Info: Whitepaper:team_solution_design_pemm: 17 mini seconds publishing element
Info: Template:est_report: 111 mini seconds publishing element
Info: Checklist:est_report: 13 mini seconds publishing element
Info: Guideline:choosing_using_estimating: 35 mini seconds publishing element
Info: Guideline:estimating_with_variance: 13 mini seconds publishing element
Info: Guideline:managing_using_est_variance: 16 mini seconds publishing element
Info: SupportingMaterial:est_wiki_ref: 8 mini seconds publishing element
Info: EstimationConsiderations:est_report_legacy: 8 mini seconds publishing element
Info: Whitepaper:architectural_meth_of_sys_part_aggregation: 60 mini seconds publishing element
Info: RoleSet:adjunct: 51 mini seconds publishing element
Info: RoleSet:any: 12 mini seconds publishing element
Info: Guideline:dev_logical_operational_model: 53 mini seconds publishing element
Info: Example:operational_model_tsd: 264 mini seconds publishing element
Info: Guideline:dev_logical_app_operational_model: 13 mini seconds publishing element
Info: Guideline:dev_physical_operational_model: 13 mini seconds publishing element
Info: Guideline:operational_model_tsd: 7 mini seconds publishing element
Info: Guideline:operational_model_notation: 22 mini seconds publishing element
Info: Whitepaper:operational_modeling: 27 mini seconds publishing element
Info: EstimationConsiderations:operational_model_legacy: 9 mini seconds publishing element
Info: Discipline:schedule_mgmt: 5 mini seconds publishing element
Info: Guideline:role_of_cap_in_soln_design: 55 mini seconds publishing element
Info: RoleSet:management: 7 mini seconds publishing element
Info: RoleSet:manager: 5 mini seconds publishing element
Info: Discipline:quality_management: 5 mini seconds publishing element
Info: Guideline:itr_overview: 54 mini seconds publishing element
Info: Discipline:sponsor_agreement_mgmt: 5 mini seconds publishing element
Info: SupportingMaterial:depend_diag_tsd: 262 mini seconds publishing element
Info: Whitepaper:how_to_build_a_cust_pov: 21 mini seconds publishing element
Info: Discipline:bus_rqmts: 6 mini seconds publishing element
Info: Guideline:business_innovation_architecture: 11 mini seconds publishing element
Info: Guideline:pain_chain: 11 mini seconds publishing element
Info: Whitepaper:business_scenario: 12 mini seconds publishing element
Info: Whitepaper:ibm_business_blueprint: 15 mini seconds publishing element
Info: Template:account_profile: 25 mini seconds publishing element
Info: Template:client_value_account_plan: 13 mini seconds publishing element
Info: Example:client_value_account_plan_insurance: 20 mini seconds publishing element
Info: Discipline:environment: 5 mini seconds publishing element
Info: Guideline:client_relationships: 61 mini seconds publishing element
Info: Guideline:customer_solution_preferences: 12 mini seconds publishing element
Info: Guideline:defining_client_imperative: 7 mini seconds publishing element
Info: Guideline:info_gathering_trans_roadmap: 20 mini seconds publishing element
Info: Guideline:transformation_roadmap_relationships: 9 mini seconds publishing element
Info: Guideline:translate_client_imperatives_trans_inits: 9 mini seconds publishing element
Info: SupportingMaterial:work_product_dep_diag_trans_roadmap: 12 mini seconds publishing element
Info: Template:client_imperative_tsd: 15 mini seconds publishing element
Info: Example:client_imperative: 9 mini seconds publishing element
Info: Domain:enterprise: 10 mini seconds publishing element
Info: Template:technical_account_plan: 16 mini seconds publishing element
Info: Example:technical_account_plan: 17 mini seconds publishing element
Info: Template:trans_roadmap_tsd: 9 mini seconds publishing element
Info: Example:trans_roadmap_tsd: 13 mini seconds publishing element
Info: Checklist:strategic_roadmap_valver: 10 mini seconds publishing element
Info: Guideline:strategic_roadmap_dev: 5 mini seconds publishing element
Info: EstimationConsiderations:strategic_roadmap_legacy: 6 mini seconds publishing element
Info: Discipline:opportunity_planning: 5 mini seconds publishing element
Info: SupportingMaterial:architecting_portal_solutions: 41 mini seconds publishing element
Info: SupportingMaterial:references_ibm_design_and_gbs_agile: 6 mini seconds publishing element
Info: RoleSet:business: 5 mini seconds publishing element
Info: RoleSet:consultant: 5 mini seconds publishing element
Info: Domain:user_experience: 7 mini seconds publishing element
Info: WorkProductType:realization: 10 mini seconds publishing element
Info: WorkProductType:specification: 8 mini seconds publishing element
Info: Example:ui_prototype: 24 mini seconds publishing element
Info: Guideline:ui_prototype_dev: 39 mini seconds publishing element
Info: SupportingMaterial:ui_prototype_ref: 5 mini seconds publishing element
Info: EstimationConsiderations:ui_prototype_legacy: 5 mini seconds publishing element
Info: Discipline:communications_mgmt: 6 mini seconds publishing element
Info: Discipline:value_confirmation: 5 mini seconds publishing element
Info: CustomCategory:navigation_view_umf_process_default: 79 mini seconds publishing element
Info: SupportingMaterial:welcome_umf: 33 mini seconds publishing element
Info: CustomCategory:getting_started_list: 119 mini seconds publishing element
Info: CustomCategory:nav_learning: 50 mini seconds publishing element
Info: SupportingMaterial:information_on_teamsd_education: 6 mini seconds publishing element
Info: SupportingMaterial:getting_started_tsd: 15 mini seconds publishing element
Info: CustomCategory:delivery_process_list: 6 mini seconds publishing element
Info: CustomCategory:structured_practice_list: 9 mini seconds publishing element
Info: CustomCategory:technical_practice_list: 8 mini seconds publishing element
Info: Practice:pre_sale_solution_design: 45 mini seconds publishing element
Info: Roadmap:how_to_adopt: 9 mini seconds publishing element
Info: SupportingMaterial:customer_challenge_brief: 21 mini seconds publishing element
Info: CustomCategory:practice_list: 8 mini seconds publishing element
Info: CustomCategory:discipline_grouping_list: 10 mini seconds publishing element
Info: DisciplineGrouping:business: 12 mini seconds publishing element
Info: DisciplineGrouping:general: 5 mini seconds publishing element
Info: DisciplineGrouping:management: 23 mini seconds publishing element
Info: DisciplineGrouping:technical: 7 mini seconds publishing element
Info: CustomCategory:work_products: 36 mini seconds publishing element
Info: CustomCategory:domain_list: 16 mini seconds publishing element
Info: Domain:business: 9 mini seconds publishing element
Info: Domain:management: 7 mini seconds publishing element
Info: Domain:organization: 7 mini seconds publishing element
Info: Domain:technical_solution: 6 mini seconds publishing element
Info: CustomCategory:wp_kind_list: 26 mini seconds publishing element
Info: CustomCategory:artifact_list: 21 mini seconds publishing element
Info: CustomCategory:outcome_list: 9 mini seconds publishing element
Info: CustomCategory:sds_artifact_list: 13 mini seconds publishing element
Info: CustomCategory:roles: 12 mini seconds publishing element
Info: CustomCategory:role_set_grouping_list: 8 mini seconds publishing element
Info: RoleSetGrouping:field_of_expertise: 15 mini seconds publishing element
Info: RoleSetGrouping:work_type: 9 mini seconds publishing element
Info: CustomCategory:role_list: 9 mini seconds publishing element
Info: CustomCategory:guidance: 61 mini seconds publishing element
Info: CustomCategory:checklist_list: 10 mini seconds publishing element
Info: CustomCategory:concept_list: 14 mini seconds publishing element
Info: Concept:arch_views_viewpoints: 10 mini seconds publishing element
Info: Concept:component: 7 mini seconds publishing element
Info: Concept:ibm_soa_ref_arch: 24 mini seconds publishing element
Info: Concept:requirements: 6 mini seconds publishing element
Info: Concept:sds_overview: 28 mini seconds publishing element
Info: CustomCategory:example_list: 17 mini seconds publishing element
Info: Example:four_plus_one_view_of_arch: 55 mini seconds publishing element
Info: Example:reqts_taxonomy_with_defs: 23 mini seconds publishing element
Info: Example:sol_areas_sub_area_model_matrix: 18 mini seconds publishing element
Info: Example:uc_deposit_funds_outline: 5 mini seconds publishing element
Info: Example:uc_model_elaboration_phase: 8 mini seconds publishing element
Info: Example:uc_model_inception_phase: 8 mini seconds publishing element
Info: Example:uc_spec_validate_user: 5 mini seconds publishing element
Info: Example:uc_transfer_funds_outline: 5 mini seconds publishing element
Info: Example:uc_withdraw_cash_outline: 5 mini seconds publishing element
Info: CustomCategory:guideline_list: 19 mini seconds publishing element
Info: Guideline:service_litmus_test: 76 mini seconds publishing element
Info: CustomCategory:roadmap_list: 12 mini seconds publishing element
Info: Roadmap:complementary_soma_identification_approaches: 19 mini seconds publishing element
Info: Roadmap:component_modeling_in_soma: 10 mini seconds publishing element
Info: Roadmap:so_entry_points: 10 mini seconds publishing element
Info: CustomCategory:supporting_materials_tsd: 7 mini seconds publishing element
Info: CustomCategory:template_list: 13 mini seconds publishing element
Info: CustomCategory:tool_mentor_list: 12 mini seconds publishing element
Info: CustomCategory:tool_list: 20 mini seconds publishing element
Info: Tool:rational_software_architect: 7 mini seconds publishing element
Info: CustomCategory:whitepaper_list: 13 mini seconds publishing element
Info: Whitepaper:sds_semantic_spec: 23 mini seconds publishing element
Info: CustomCategory:release_info: 39 mini seconds publishing element
Info: SupportingMaterial:release_info_tsd: 27 mini seconds publishing element
Info: SupportingMaterial:catalog_download: 5 mini seconds publishing element
Info: CustomCategory:tasks_tsd: 9 mini seconds publishing element
Info: SupportingMaterial:sds_community: 9 mini seconds publishing element
Info: SupportingMaterial:epf_copyright: 12 mini seconds publishing element
Info: SupportingMaterial:ucd_ref: 10 mini seconds publishing element
Info: CustomCategory:global_delivery: 6 mini seconds publishing element
Info: CustomCategory:nav_featured_guidance: 11 mini seconds publishing element
Info: SupportingMaterial:intellectual_property_notices: 37 mini seconds publishing element
Info: SupportingMaterial:intellectual_property_notices-ibm: 24 mini seconds publishing element
Info: CustomCategory:nav_resources: 11 mini seconds publishing element
Info: CustomCategory:nav_marketing_materials: 11 mini seconds publishing element
Info: CustomCategory:nav_authoring_advice: 10 mini seconds publishing element
Info: CustomCategory:business_practice_list: 7 mini seconds publishing element
Info: CustomCategory:general_practice_list: 7 mini seconds publishing element
Info: CustomCategory:management_practice_list: 7 mini seconds publishing element
Info: DisciplineGrouping:cross_cutting: 5 mini seconds publishing element
Info: DisciplineGrouping:soma_disciplines: 17 mini seconds publishing element
Info: Discipline:bus_enablers: 157 mini seconds publishing element
Info: Discipline:bus_modeling: 13 mini seconds publishing element
Info: Discipline:governance: 9 mini seconds publishing element
Info: Discipline:op_trans: 90 mini seconds publishing element
Info: Discipline:org_change: 4 mini seconds publishing element
Info: Discipline:account_planning: 4 mini seconds publishing element
Info: Discipline:deployment: 4 mini seconds publishing element
Info: Discipline:due_diligence: 4 mini seconds publishing element
Info: Discipline:user_supp_training: 4 mini seconds publishing element
Info: Discipline:change_mgmt: 51 mini seconds publishing element
Info: Discipline:event_mgmt: 10 mini seconds publishing element
Info: Discipline:finance_mgmt: 9 mini seconds publishing element
Info: Discipline:human_resource_mgmt: 6 mini seconds publishing element
Info: Discipline:risk_management: 5 mini seconds publishing element
Info: Discipline:supplier_mgmt: 5 mini seconds publishing element
Info: Discipline:tech_mgmt: 6 mini seconds publishing element
Info: Discipline:rqmts_mgmt: 5 mini seconds publishing element
Info: Discipline:tech_design: 5 mini seconds publishing element
Info: Discipline:tech_implementation: 4 mini seconds publishing element
Info: Discipline:tech_test: 4 mini seconds publishing element
Info: Discipline:test_mgmt: 6 mini seconds publishing element
Info: CustomCategory:deliverable_list: 13 mini seconds publishing element
Info: Domain:infrastructure: 9 mini seconds publishing element
Info: Domain:method_development: 4 mini seconds publishing element
Info: Domain:operations: 6 mini seconds publishing element
Info: Domain:test: 6 mini seconds publishing element
Info: Domain:design: 5 mini seconds publishing element
Info: Domain:implementation: 6 mini seconds publishing element
Info: Domain:bus_perf_mgmt: 5 mini seconds publishing element
Info: Domain:bus_value_financials: 6 mini seconds publishing element
Info: Domain:marketing: 5 mini seconds publishing element
Info: Domain:standards_policies: 4 mini seconds publishing element
Info: Domain:facilities: 146 mini seconds publishing element
Info: Domain:networking: 12 mini seconds publishing element
Info: Domain:operating_platform: 10 mini seconds publishing element
Info: Domain:storage: 10 mini seconds publishing element
Info: Domain:environment: 9 mini seconds publishing element
Info: Domain:quality_mgmt: 7 mini seconds publishing element
Info: Domain:relationship_mgmt: 6 mini seconds publishing element
Info: Domain:business_continuity: 6 mini seconds publishing element
Info: Domain:deployment: 6 mini seconds publishing element
Info: Domain:it_mgmt_monitoring: 5 mini seconds publishing element
Info: Domain:maintenance: 5 mini seconds publishing element
Info: Domain:security_privacy: 15 mini seconds publishing element
Info: Domain:human_capital_mgmt: 6 mini seconds publishing element
Info: Domain:knowledge_mgmt: 5 mini seconds publishing element
Info: Domain:learning: 7 mini seconds publishing element
Info: Domain:org_change_mgmt: 5 mini seconds publishing element
Info: WorkProductType:agreement: 7 mini seconds publishing element
Info: WorkProductType:approval: 5 mini seconds publishing element
Info: WorkProductType:completion: 25 mini seconds publishing element
Info: WorkProductType:confirmation: 7 mini seconds publishing element
Info: WorkProductType:installation_configuration: 12 mini seconds publishing element
Info: WorkProductType:measurement: 92 mini seconds publishing element
Info: WorkProductType:meeting: 7 mini seconds publishing element
Info: WorkProductType:procedure: 7 mini seconds publishing element
Info: WorkProductType:third_party: 5 mini seconds publishing element
Info: RoleSet:content: 8 mini seconds publishing element
Info: RoleSet:data: 6 mini seconds publishing element
Info: RoleSet:deployment: 5 mini seconds publishing element
Info: RoleSet:facilities: 5 mini seconds publishing element
Info: RoleSet:hardware: 4 mini seconds publishing element
Info: RoleSet:infrastructure: 5 mini seconds publishing element
Info: RoleSet:marketing: 7 mini seconds publishing element
Info: RoleSet:method: 7 mini seconds publishing element
Info: RoleSet:operations: 525 mini seconds publishing element
Info: RoleSet:organization: 12 mini seconds publishing element
Info: RoleSet:security_privacy: 7 mini seconds publishing element
Info: RoleSet:software: 6 mini seconds publishing element
Info: RoleSet:test: 7 mini seconds publishing element
Info: RoleSet:third_party_expertise: 6 mini seconds publishing element
Info: RoleSet:user_experience: 6 mini seconds publishing element
Info: RoleSet:administrator: 5 mini seconds publishing element
Info: RoleSet:analyst: 8 mini seconds publishing element
Info: RoleSet:designer: 7 mini seconds publishing element
Info: RoleSet:developer: 7 mini seconds publishing element
Info: RoleSet:specialist: 5 mini seconds publishing element
Info: RoleSet:team: 519 mini seconds publishing element
Info: RoleSet:third_party_type: 9 mini seconds publishing element
Info: CustomCategory:measurements_list: 16 mini seconds publishing element
Info: CustomCategory:reusable_asset_list: 10 mini seconds publishing element
Info: SupportingMaterial:references: 31 mini seconds publishing element
Info: Tool:cvs_tool: 14 mini seconds publishing element
Info: Tool:ipwc: 192 mini seconds publishing element
Info: Tool:rational_asset_analyzer: 88 mini seconds publishing element
Info: Tool:rational_focal_point: 10 mini seconds publishing element
Info: Tool:insight: 6 mini seconds publishing element
Info: Tool:rational_requirements_composer: 7 mini seconds publishing element
Info: Tool:rtc: 9 mini seconds publishing element
Info: Tool:lpa: 6 mini seconds publishing element
Info: Tool:method_composer_tool: 6 mini seconds publishing element
Info: Tool:rad: 4 mini seconds publishing element
Info: Tool:clearquest: 4 mini seconds publishing element
Info: Tool:purifyplus: 4 mini seconds publishing element
Info: Tool:rational_requisite_pro: 4 mini seconds publishing element
Info: Tool:wbm: 10 mini seconds publishing element
Info: SupportingMaterial:documentation_notices-ibm: 129 mini seconds publishing element
Info: CustomCategory:work_location: 16 mini seconds publishing element
Info: CustomCategory:criticality: 9 mini seconds publishing element
Info: Discipline:accessibility: 6 mini seconds publishing element
Info: Discipline:performance_mgmt: 7 mini seconds publishing element
Info: Discipline:security_privacy: 7 mini seconds publishing element
Info: Discipline:system_mgmt: 5 mini seconds publishing element
Info: Discipline:user_experience: 4 mini seconds publishing element
Info: Discipline:assets_and_industry_models: 6 mini seconds publishing element
Info: Discipline:build_assembly_and_deploy: 4 mini seconds publishing element
Info: Discipline:business_rules_and_policies: 544 mini seconds publishing element
Info: Discipline:information_and_integration: 7 mini seconds publishing element
Info: Discipline:soma_base: 6 mini seconds publishing element
Info: Discipline:solution_templates_and_patterns: 4 mini seconds publishing element
Info: Discipline:testing_and_quality_assurance: 6 mini seconds publishing element
Info: Discipline:variatio_oriented_analysis_and_design: 6 mini seconds publishing element
Info: Domain:infra_design: 8 mini seconds publishing element
Info: SupportingMaterial:testing_ref: 16 mini seconds publishing element
Info: SupportingMaterial:epf_resources: 16 mini seconds publishing element
Info: SupportingMaterial:rational_method_composer_resources: 8 mini seconds publishing element
Info: CustomCategory:onsite: 20 mini seconds publishing element
Info: CustomCategory:offsite: 16 mini seconds publishing element
Info: CustomCategory:all_sites: 14 mini seconds publishing element
Info: CustomCategory:critical: 16 mini seconds publishing element
Info: CustomCategory:desired: 21 mini seconds publishing element
Info: CustomCategory:conditional: 18 mini seconds publishing element
Info: SupportingMaterial:resources_for_customizing_methods: 22 mini seconds publishing element
Info: TermDefinition:method_configuration: 15 mini seconds publishing element
Info: TermDefinition:method_content: 70 mini seconds publishing element
Info: TermDefinition:process: 27 mini seconds publishing element
Info: TermDefinition:capability_pattern: 5 mini seconds publishing element
Info: TermDefinition:delivery_process: 4 mini seconds publishing element
Info: TermDefinition:custom_category: 5 mini seconds publishing element
Info: TermDefinition:method_library: 4 mini seconds publishing element
Info: TermDefinition:role: 5 mini seconds publishing element
Info: TermDefinition:task: 5 mini seconds publishing element
Info: TermDefinition:work_product: 5 mini seconds publishing element
Info: TermDefinition:guidance: 4 mini seconds publishing element
Info: TermDefinition:view: 4 mini seconds publishing element
Info: TermDefinition:method_plugin: 5 mini seconds publishing element
Info: TermDefinition:method_element: 4 mini seconds publishing element
Info: TermDefinition:artifact: 4 mini seconds publishing element
Info: TermDefinition:deliverable: 6 mini seconds publishing element
Info: TermDefinition:outcome: 14 mini seconds publishing element
Info: TermDefinition:agreement: 10 mini seconds publishing element
Info: TermDefinition:sponsor: 5 mini seconds publishing element
Info: TermDefinition:delivery_organization: 11 mini seconds publishing element
Info: TermDefinition:supplier: 7 mini seconds publishing element
Info: TermDefinition:contract: 6 mini seconds publishing element
Info: TermDefinition:document_of_understanding: 5 mini seconds publishing element
Info: TermDefinition:amendment: 5 mini seconds publishing element
Info: TermDefinition:offering_proposal: 15 mini seconds publishing element
Info: TermDefinition:plan_contract: 6 mini seconds publishing element
Info: TermDefinition:project: 7 mini seconds publishing element
Info: TermDefinition:approval_to_proceed: 5 mini seconds publishing element
Info: TermDefinition:phase: 6 mini seconds publishing element
Info: TermDefinition:acceptance: 6 mini seconds publishing element
Info: TermDefinition:customer: 5 mini seconds publishing element
Info: TermDefinition:project_team: 5 mini seconds publishing element
Info: TermDefinition:subcontractor: 6 mini seconds publishing element
Info: TermDefinition:staff_provider: 59 mini seconds publishing element
Info: TermDefinition:vendor: 5 mini seconds publishing element
Info: TermDefinition:statement_of_work: 6 mini seconds publishing element
Info: TermDefinition:ipd: 27 mini seconds publishing element
Info: TermDefinition:offering: 65 mini seconds publishing element
Info: TermDefinition:project_schedule: 5 mini seconds publishing element
Info: TermDefinition:risk: 21 mini seconds publishing element
Info: TermDefinition:scope: 4 mini seconds publishing element
Info: TermDefinition:activity: 6 mini seconds publishing element
Info: TermDefinition:acceptance_criteria: 8 mini seconds publishing element
Info: TermDefinition:function: 5 mini seconds publishing element
Info: TermDefinition:integrated_product_development: 5 mini seconds publishing element
Info: TermDefinition:need: 6 mini seconds publishing element
Info: TermDefinition:solution: 5 mini seconds publishing element
Info: TermDefinition:schedule: 5 mini seconds publishing element
Info: TermDefinition:work_unit: 4 mini seconds publishing element
Info: TermDefinition:project_organizational_unit: 4 mini seconds publishing element
Info: TermDefinition:organizational_breakdown_structure: 4 mini seconds publishing element
Info: TermDefinition:uma: 4 mini seconds publishing element
Info: TermDefinition:breakdown_element: 5 mini seconds publishing element
Info: TermDefinition:descriptor: 4 mini seconds publishing element
Info: TermDefinition:breakdown_structure: 5 mini seconds publishing element
Info: TermDefinition:work_breakdown_structure: 29 mini seconds publishing element
Info: TermDefinition:acceptance_testing: 5 mini seconds publishing element
Info: TermDefinition:completion_criteria: 6 mini seconds publishing element
Info: TermDefinition:customer_relationship_management: 5 mini seconds publishing element
Info: TermDefinition:requirement: 15 mini seconds publishing element
Info: TermDefinition:conditions_of_satisfaction: 4 mini seconds publishing element
Info: TermDefinition:program: 15 mini seconds publishing element
Info: TermDefinition:specification: 5 mini seconds publishing element
Info: TermDefinition:project_type: 5 mini seconds publishing element
Info: TermDefinition:plan: 5 mini seconds publishing element
Info: TermDefinition:sub_project: 5 mini seconds publishing element
Info: TermDefinition:project_management_team: 5 mini seconds publishing element
Info: TermDefinition:human_resource: 6 mini seconds publishing element
Info: TermDefinition:system: 4 mini seconds publishing element
Info: TermDefinition:portfolio: 5 mini seconds publishing element
Info: TermDefinition:effort: 5 mini seconds publishing element
Info: TermDefinition:project_plans: 5 mini seconds publishing element
Info: TermDefinition:work_plans: 5 mini seconds publishing element
Info: TermDefinition:project_management: 6 mini seconds publishing element
Info: TermDefinition:resource_planning: 15 mini seconds publishing element
Info: TermDefinition:project_portfolio: 5 mini seconds publishing element
Info: TermDefinition:project_control: 5 mini seconds publishing element
Info: TermDefinition:stakeholder: 5 mini seconds publishing element
Info: TermDefinition:action: 10 mini seconds publishing element
Info: TermDefinition:corrective_action: 10 mini seconds publishing element
Info: TermDefinition:issue: 8 mini seconds publishing element
Info: TermDefinition:nonconformity: 6 mini seconds publishing element
Info: TermDefinition:defect: 6 mini seconds publishing element
Info: TermDefinition:procedure: 6 mini seconds publishing element
Info: TermDefinition:controversial_defect: 7 mini seconds publishing element
Info: TermDefinition:finding: 5 mini seconds publishing element
Info: TermDefinition:compliance_review: 7 mini seconds publishing element
Info: TermDefinition:review: 5 mini seconds publishing element
Info: TermDefinition:standards: 4 mini seconds publishing element
Info: TermDefinition:policy: 5 mini seconds publishing element
Info: TermDefinition:health review: 7 mini seconds publishing element
Info: TermDefinition:deliverable_review: 5 mini seconds publishing element
Info: TermDefinition:business_review: 28 mini seconds publishing element
Info: TermDefinition:project_management_review: 5 mini seconds publishing element
Info: TermDefinition:technical_review: 5 mini seconds publishing element
Info: TermDefinition:deliverable_component: 4 mini seconds publishing element
Info: TermDefinition:status_reporting: 4 mini seconds publishing element
Info: TermDefinition:project_structure: 6 mini seconds publishing element
Info: TermDefinition:traceability: 5 mini seconds publishing element
Info: TermDefinition:project_decision_structure: 5 mini seconds publishing element
Info: TermDefinition:configuration_item: 4 mini seconds publishing element
Info: TermDefinition:precedence_relationship: 5 mini seconds publishing element
Info: TermDefinition:product_breakdown_structure: 6 mini seconds publishing element
Info: TermDefinition:configuration_management: 4 mini seconds publishing element
Info: TermDefinition:dependency: 4 mini seconds publishing element
Info: TermDefinition:milestone: 5 mini seconds publishing element
Info: TermDefinition:operational_work_product: 6 mini seconds publishing element
Info: TermDefinition:informational_work_product: 5 mini seconds publishing element
