Warning: CustomCategory:nav_resources: Empty content category element not published.
Warning: CustomCategory:nav_marketing_materials: Empty content category element not published.
Warning: CustomCategory:nav_authoring_advice: Empty content category element not published.
Warning: CustomCategory:business_practice_list: Empty content category element not published.
Warning: CustomCategory:general_practice_list: Empty content category element not published.
Warning: CustomCategory:management_practice_list: Empty content category element not published.
Warning: CustomCategory:onsite: Empty content category element not published.
Warning: CustomCategory:offsite: Empty content category element not published.
Warning: CustomCategory:all_sites: Empty content category element not published.
Warning: CustomCategory:work_location: Empty content category element not published.
Warning: CustomCategory:critical: Empty content category element not published.
Warning: CustomCategory:desired: Empty content category element not published.
Warning: CustomCategory:conditional: Empty content category element not published.
Warning: CustomCategory:criticality: Empty content category element not published.
Warning: CustomCategory:global_delivery: Empty content category element not published.
Warning: CustomCategory:nav_featured_guidance: Empty content category element not published.
Warning: Discipline:bus_enablers: Empty content category element not published.
Warning: Discipline:governance: Empty content category element not published.
Warning: Discipline:op_trans: Empty content category element not published.
Warning: Discipline:bus_modeling: Empty content category element not published.
Warning: Discipline:org_change: Empty content category element not published.
Warning: Discipline:security_privacy: Empty content category element not published.
Warning: Discipline:performance_mgmt: Empty content category element not published.
Warning: Discipline:user_experience: Empty content category element not published.
Warning: Discipline:accessibility: Empty content category element not published.
Warning: Discipline:system_mgmt: Empty content category element not published.
Warning: DisciplineGrouping:cross_cutting: Empty content category element not published.
Warning: Discipline:due_diligence: Empty content category element not published.
Warning: Discipline:user_supp_training: Empty content category element not published.
Warning: Discipline:deployment: Empty content category element not published.
Warning: Discipline:account_planning: Empty content category element not published.
Warning: Discipline:tech_mgmt: Empty content category element not published.
Warning: Discipline:change_mgmt: Empty content category element not published.
Warning: Discipline:event_mgmt: Empty content category element not published.
Warning: Discipline:human_resource_mgmt: Empty content category element not published.
Warning: Discipline:risk_management: Empty content category element not published.
Warning: Discipline:supplier_mgmt: Empty content category element not published.
Warning: Discipline:finance_mgmt: Empty content category element not published.
Warning: Discipline:assets_and_industry_models: Empty content category element not published.
Warning: Discipline:build_assembly_and_deploy: Empty content category element not published.
Warning: Discipline:business_rules_and_policies: Empty content category element not published.
Warning: Discipline:information_and_integration: Empty content category element not published.
Warning: Discipline:solution_templates_and_patterns: Empty content category element not published.
Warning: Discipline:soma_base: Empty content category element not published.
Warning: Discipline:testing_and_quality_assurance: Empty content category element not published.
Warning: Discipline:variatio_oriented_analysis_and_design: Empty content category element not published.
Warning: Discipline:bus_modeling: Empty content category element not published.
Warning: DisciplineGrouping:soma_disciplines: Empty content category element not published.
Warning: Discipline:tech_test: Empty content category element not published.
Warning: Discipline:tech_implementation: Empty content category element not published.
Warning: Discipline:tech_design: Empty content category element not published.
Warning: Discipline:rqmts_mgmt: Empty content category element not published.
Warning: Discipline:test_mgmt: Empty content category element not published.
Warning: Domain:bus_perf_mgmt: Empty content category element not published.
Warning: Domain:marketing: Empty content category element not published.
Warning: Domain:standards_policies: Empty content category element not published.
Warning: Domain:bus_value_financials: Empty content category element not published.
Warning: Domain:facilities: Empty content category element not published.
Warning: Domain:networking: Empty content category element not published.
Warning: Domain:operating_platform: Empty content category element not published.
Warning: Domain:storage: Empty content category element not published.
Warning: Domain:infra_design: Empty content category element not published.
Warning: Domain:infrastructure: Empty content category element not published.
Warning: Domain:environment: Empty content category element not published.
Warning: Domain:quality_mgmt: Empty content category element not published.
Warning: Domain:relationship_mgmt: Empty content category element not published.
Warning: Domain:method_development: Empty content category element not published.
Warning: Domain:business_continuity: Empty content category element not published.
Warning: Domain:deployment: Empty content category element not published.
Warning: Domain:it_mgmt_monitoring: Empty content category element not published.
Warning: Domain:maintenance: Empty content category element not published.
Warning: Domain:security_privacy: Empty content category element not published.
Warning: Domain:operations: Empty content category element not published.
Warning: Domain:human_capital_mgmt: Empty content category element not published.
Warning: Domain:knowledge_mgmt: Empty content category element not published.
Warning: Domain:learning: Empty content category element not published.
Warning: Domain:org_change_mgmt: Empty content category element not published.
Warning: Domain:implementation: Empty content category element not published.
Warning: Domain:design: Empty content category element not published.
Warning: Domain:test: Empty content category element not published.
Warning: WorkProductType:agreement: Empty content category element not published.
Warning: WorkProductType:approval: Empty content category element not published.
Warning: WorkProductType:completion: Empty content category element not published.
Warning: WorkProductType:confirmation: Empty content category element not published.
Warning: WorkProductType:installation_configuration: Empty content category element not published.
Warning: WorkProductType:measurement: Empty content category element not published.
Warning: WorkProductType:meeting: Empty content category element not published.
Warning: WorkProductType:procedure: Empty content category element not published.
Warning: WorkProductType:third_party: Empty content category element not published.
Warning: CustomCategory:deliverable_list: Empty content category element not published.
Warning: RoleSet:content: Empty content category element not published.
Warning: RoleSet:data: Empty content category element not published.
Warning: RoleSet:deployment: Empty content category element not published.
Warning: RoleSet:facilities: Empty content category element not published.
Warning: RoleSet:hardware: Empty content category element not published.
Warning: RoleSet:infrastructure: Empty content category element not published.
Warning: RoleSet:marketing: Empty content category element not published.
Warning: RoleSet:method: Empty content category element not published.
Warning: RoleSet:operations: Empty content category element not published.
Warning: RoleSet:organization: Empty content category element not published.
Warning: RoleSet:security_privacy: Empty content category element not published.
Warning: RoleSet:software: Empty content category element not published.
Warning: RoleSet:test: Empty content category element not published.
Warning: RoleSet:user_experience: Empty content category element not published.
Warning: RoleSet:third_party_expertise: Empty content category element not published.
Warning: RoleSet:administrator: Empty content category element not published.
Warning: RoleSet:analyst: Empty content category element not published.
Warning: RoleSet:designer: Empty content category element not published.
Warning: RoleSet:developer: Empty content category element not published.
Warning: RoleSet:specialist: Empty content category element not published.
Warning: RoleSet:team: Empty content category element not published.
Warning: RoleSet:third_party_type: Empty content category element not published.
Warning: CustomCategory:measurements_list: Empty content category element not published.
Warning: CustomCategory:reusable_asset_list: Empty content category element not published.
Warning: Tool:cvs_tool: Empty content category element not published.
Warning: Tool:ipwc: Empty content category element not published.
Warning: Tool:rational_asset_analyzer: Empty content category element not published.
Warning: Tool:rational_focal_point: Empty content category element not published.
Warning: Tool:insight: Empty content category element not published.
Warning: Tool:rational_requirements_composer: Empty content category element not published.
Warning: Tool:rtc: Empty content category element not published.
Warning: Tool:lpa: Empty content category element not published.
Warning: Tool:method_composer_tool: Empty content category element not published.
Warning: Tool:rad: Empty content category element not published.
Warning: Tool:clearquest: Empty content category element not published.
Warning: Tool:purifyplus: Empty content category element not published.
Warning: Tool:rational_requisite_pro: Empty content category element not published.
Warning: Tool:wbm: Empty content category element not published.
Warning: SupportingMaterial:resources_for_customizing_methods: Missing referenced element Concept:basic_process_concepts
